<?xml version="1.0" encoding="utf-8"?><testsuites name="pytest tests"><testsuite name="pytest" errors="0" failures="0" skipped="0" tests="10" time="1.364" timestamp="2026-04-04T10:02:27.704184+00:00" hostname="agent-env-70864114-0b44-4dbc-98b6-87ac5189ae7e"><testcase classname="backend.tests.test_enquiry_api.TestHealthCheck" name="test_api_root_returns_hello_world" time="0.130" /><testcase classname="backend.tests.test_enquiry_api.TestEnquiryCreate" name="test_create_enquiry_with_all_fields" time="0.145" /><testcase classname="backend.tests.test_enquiry_api.TestEnquiryCreate" name="test_create_enquiry_with_required_fields_only" time="0.099" /><testcase classname="backend.tests.test_enquiry_api.TestEnquiryCreate" name="test_create_enquiry_missing_name_returns_422" time="0.100" /><testcase classname="backend.tests.test_enquiry_api.TestEnquiryCreate" name="test_create_enquiry_missing_phone_returns_422" time="0.146" /><testcase classname="backend.tests.test_enquiry_api.TestEnquiryCreate" name="test_create_enquiry_empty_body_returns_422" time="0.104" /><testcase classname="backend.tests.test_enquiry_api.TestEnquiriesList" name="test_get_enquiries_returns_list" time="0.106" /><testcase classname="backend.tests.test_enquiry_api.TestEnquiriesList" name="test_create_and_verify_enquiry_in_list" time="0.203" /><testcase classname="backend.tests.test_enquiry_api.TestStatusEndpoints" name="test_create_status_check" time="0.111" /><testcase classname="backend.tests.test_enquiry_api.TestStatusEndpoints" name="test_get_status_checks" time="0.113" /></testsuite></testsuites>